INFO [2020-06-28 14:23:27] $x
INFO [2020-06-28 14:23:27] temp
INFO [2020-06-28 14:23:27] 
INFO [2020-06-28 14:23:27] $sp.cases
INFO [2020-06-28 14:23:27] special
INFO [2020-06-28 14:23:27] 
INFO [2020-06-28 14:23:27] $filename
INFO [2020-06-28 14:23:27] NULL
INFO [2020-06-28 14:23:27] 
INFO [2020-06-28 14:23:27] $col
INFO [2020-06-28 14:23:27] [1] "black"
INFO [2020-06-28 14:23:27] 
INFO [2020-06-28 14:23:27] $fill
INFO [2020-06-28 14:23:27] c(colors[1], colors[4], colors[2], colors[3])
INFO [2020-06-28 14:23:27] 
INFO [2020-06-28 14:23:27] $alpha
INFO [2020-06-28 14:23:27] [1] 0.5
INFO [2020-06-28 14:23:27] 
INFO [2020-06-28 14:23:27] $label.col
INFO [2020-06-28 14:23:27] c("black")
INFO [2020-06-28 14:23:27] 
INFO [2020-06-28 14:23:27] $cex
INFO [2020-06-28 14:23:27] [1] 2.5
INFO [2020-06-28 14:23:27] 
INFO [2020-06-28 14:23:27] $fontfamily
INFO [2020-06-28 14:23:27] [1] "serif"
INFO [2020-06-28 14:23:27] 
INFO [2020-06-28 14:23:27] $fontface
INFO [2020-06-28 14:23:27] [1] "bold"
INFO [2020-06-28 14:23:27] 
INFO [2020-06-28 14:23:27] $cat.default.pos
INFO [2020-06-28 14:23:27] [1] "text"
INFO [2020-06-28 14:23:27] 
INFO [2020-06-28 14:23:27] $cat.col
INFO [2020-06-28 14:23:27] c("black")
INFO [2020-06-28 14:23:27] 
INFO [2020-06-28 14:23:27] $cat.cex
INFO [2020-06-28 14:23:27] [1] 3
INFO [2020-06-28 14:23:27] 
INFO [2020-06-28 14:23:27] $cat.fontfamily
INFO [2020-06-28 14:23:27] [1] "serif"
INFO [2020-06-28 14:23:27] 
INFO [2020-06-28 14:23:27] $cat.pos
INFO [2020-06-28 14:23:27] [1] 0
INFO [2020-06-28 14:23:27] 
INFO [2020-06-28 14:23:27] $euler.d
INFO [2020-06-28 14:23:27] euler
INFO [2020-06-28 14:23:27] 
INFO [2020-06-28 14:23:27] $scaled
INFO [2020-06-28 14:23:27] euler
INFO [2020-06-28 14:23:27] 
INFO [2020-06-28 14:23:27] $x
INFO [2020-06-28 14:23:27] temp
INFO [2020-06-28 14:23:27] 
INFO [2020-06-28 14:23:27] $sp.cases
INFO [2020-06-28 14:23:27] special
INFO [2020-06-28 14:23:27] 
INFO [2020-06-28 14:23:27] $filename
INFO [2020-06-28 14:23:27] NULL
INFO [2020-06-28 14:23:27] 
INFO [2020-06-28 14:23:27] $col
INFO [2020-06-28 14:23:27] [1] "black"
INFO [2020-06-28 14:23:27] 
INFO [2020-06-28 14:23:27] $fill
INFO [2020-06-28 14:23:27] c(colors[1], colors[4], colors[2], colors[3])
INFO [2020-06-28 14:23:27] 
INFO [2020-06-28 14:23:27] $alpha
INFO [2020-06-28 14:23:27] [1] 0.5
INFO [2020-06-28 14:23:27] 
INFO [2020-06-28 14:23:27] $label.col
INFO [2020-06-28 14:23:27] c("black")
INFO [2020-06-28 14:23:27] 
INFO [2020-06-28 14:23:27] $cex
INFO [2020-06-28 14:23:27] [1] 2.5
INFO [2020-06-28 14:23:27] 
INFO [2020-06-28 14:23:27] $fontfamily
INFO [2020-06-28 14:23:27] [1] "serif"
INFO [2020-06-28 14:23:27] 
INFO [2020-06-28 14:23:27] $fontface
INFO [2020-06-28 14:23:27] [1] "bold"
INFO [2020-06-28 14:23:27] 
INFO [2020-06-28 14:23:27] $cat.default.pos
INFO [2020-06-28 14:23:27] [1] "text"
INFO [2020-06-28 14:23:27] 
INFO [2020-06-28 14:23:27] $cat.col
INFO [2020-06-28 14:23:27] c("black")
INFO [2020-06-28 14:23:27] 
INFO [2020-06-28 14:23:27] $cat.cex
INFO [2020-06-28 14:23:27] [1] 3
INFO [2020-06-28 14:23:27] 
INFO [2020-06-28 14:23:27] $cat.fontfamily
INFO [2020-06-28 14:23:27] [1] "serif"
INFO [2020-06-28 14:23:27] 
INFO [2020-06-28 14:23:27] $cat.pos
INFO [2020-06-28 14:23:27] [1] 0
INFO [2020-06-28 14:23:27] 
INFO [2020-06-28 14:23:27] $euler.d
INFO [2020-06-28 14:23:27] euler
INFO [2020-06-28 14:23:27] 
INFO [2020-06-28 14:23:27] $scaled
INFO [2020-06-28 14:23:27] euler
INFO [2020-06-28 14:23:27] 
