INFO [2020-06-28 14:23:23] $x
INFO [2020-06-28 14:23:23] temp
INFO [2020-06-28 14:23:23] 
INFO [2020-06-28 14:23:23] $sp.cases
INFO [2020-06-28 14:23:23] special
INFO [2020-06-28 14:23:23] 
INFO [2020-06-28 14:23:23] $filename
INFO [2020-06-28 14:23:23] NULL
INFO [2020-06-28 14:23:23] 
INFO [2020-06-28 14:23:23] $col
INFO [2020-06-28 14:23:23] [1] "black"
INFO [2020-06-28 14:23:23] 
INFO [2020-06-28 14:23:23] $fill
INFO [2020-06-28 14:23:23] c(colors[1], colors[2], colors[3])
INFO [2020-06-28 14:23:23] 
INFO [2020-06-28 14:23:23] $alpha
INFO [2020-06-28 14:23:23] [1] 0.5
INFO [2020-06-28 14:23:23] 
INFO [2020-06-28 14:23:23] $label.col
INFO [2020-06-28 14:23:23] c("black", "white", "black", "white", "white", "white", "black")
INFO [2020-06-28 14:23:23] 
INFO [2020-06-28 14:23:23] $cex
INFO [2020-06-28 14:23:23] [1] 2.5
INFO [2020-06-28 14:23:23] 
INFO [2020-06-28 14:23:23] $fontfamily
INFO [2020-06-28 14:23:23] [1] "serif"
INFO [2020-06-28 14:23:23] 
INFO [2020-06-28 14:23:23] $fontface
INFO [2020-06-28 14:23:23] [1] "bold"
INFO [2020-06-28 14:23:23] 
INFO [2020-06-28 14:23:23] $cat.default.pos
INFO [2020-06-28 14:23:23] [1] "text"
INFO [2020-06-28 14:23:23] 
INFO [2020-06-28 14:23:23] $cat.col
INFO [2020-06-28 14:23:23] c("black", "black", "black")
INFO [2020-06-28 14:23:23] 
INFO [2020-06-28 14:23:23] $cat.cex
INFO [2020-06-28 14:23:23] [1] 2.5
INFO [2020-06-28 14:23:23] 
INFO [2020-06-28 14:23:23] $cat.fontfamily
INFO [2020-06-28 14:23:23] [1] "serif"
INFO [2020-06-28 14:23:23] 
INFO [2020-06-28 14:23:23] $cat.dist
INFO [2020-06-28 14:23:23] c(0.06, 0.06, 0.03)
INFO [2020-06-28 14:23:23] 
INFO [2020-06-28 14:23:23] $cat.pos
INFO [2020-06-28 14:23:23] [1] 0
INFO [2020-06-28 14:23:23] 
INFO [2020-06-28 14:23:23] $euler.d
INFO [2020-06-28 14:23:23] euler
INFO [2020-06-28 14:23:23] 
INFO [2020-06-28 14:23:23] $scaled
INFO [2020-06-28 14:23:23] euler
INFO [2020-06-28 14:23:23] 
