INFO [2020-06-28 14:23:29] $x
INFO [2020-06-28 14:23:29] temp
INFO [2020-06-28 14:23:29] 
INFO [2020-06-28 14:23:29] $sp.cases
INFO [2020-06-28 14:23:29] special
INFO [2020-06-28 14:23:29] 
INFO [2020-06-28 14:23:29] $filename
INFO [2020-06-28 14:23:29] NULL
INFO [2020-06-28 14:23:29] 
INFO [2020-06-28 14:23:29] $col
INFO [2020-06-28 14:23:29] [1] "black"
INFO [2020-06-28 14:23:29] 
INFO [2020-06-28 14:23:29] $fill
INFO [2020-06-28 14:23:29] c(colors[1], colors[4], colors[2], colors[3])
INFO [2020-06-28 14:23:29] 
INFO [2020-06-28 14:23:29] $alpha
INFO [2020-06-28 14:23:29] [1] 0.5
INFO [2020-06-28 14:23:29] 
INFO [2020-06-28 14:23:29] $label.col
INFO [2020-06-28 14:23:29] c("black")
INFO [2020-06-28 14:23:29] 
INFO [2020-06-28 14:23:29] $cex
INFO [2020-06-28 14:23:29] [1] 2.5
INFO [2020-06-28 14:23:29] 
INFO [2020-06-28 14:23:29] $fontfamily
INFO [2020-06-28 14:23:29] [1] "serif"
INFO [2020-06-28 14:23:29] 
INFO [2020-06-28 14:23:29] $fontface
INFO [2020-06-28 14:23:29] [1] "bold"
INFO [2020-06-28 14:23:29] 
INFO [2020-06-28 14:23:29] $cat.default.pos
INFO [2020-06-28 14:23:29] [1] "text"
INFO [2020-06-28 14:23:29] 
INFO [2020-06-28 14:23:29] $cat.col
INFO [2020-06-28 14:23:29] c("black")
INFO [2020-06-28 14:23:29] 
INFO [2020-06-28 14:23:29] $cat.cex
INFO [2020-06-28 14:23:29] [1] 3
INFO [2020-06-28 14:23:29] 
INFO [2020-06-28 14:23:29] $cat.fontfamily
INFO [2020-06-28 14:23:29] [1] "serif"
INFO [2020-06-28 14:23:29] 
INFO [2020-06-28 14:23:29] $cat.pos
INFO [2020-06-28 14:23:29] [1] 0
INFO [2020-06-28 14:23:29] 
INFO [2020-06-28 14:23:29] $euler.d
INFO [2020-06-28 14:23:29] euler
INFO [2020-06-28 14:23:29] 
INFO [2020-06-28 14:23:29] $scaled
INFO [2020-06-28 14:23:29] euler
INFO [2020-06-28 14:23:29] 
INFO [2020-06-28 14:23:29] $x
INFO [2020-06-28 14:23:29] temp
INFO [2020-06-28 14:23:29] 
INFO [2020-06-28 14:23:29] $sp.cases
INFO [2020-06-28 14:23:29] special
INFO [2020-06-28 14:23:29] 
INFO [2020-06-28 14:23:29] $filename
INFO [2020-06-28 14:23:29] NULL
INFO [2020-06-28 14:23:29] 
INFO [2020-06-28 14:23:29] $col
INFO [2020-06-28 14:23:29] [1] "black"
INFO [2020-06-28 14:23:29] 
INFO [2020-06-28 14:23:29] $fill
INFO [2020-06-28 14:23:29] c(colors[1], colors[4], colors[2], colors[3])
INFO [2020-06-28 14:23:29] 
INFO [2020-06-28 14:23:29] $alpha
INFO [2020-06-28 14:23:29] [1] 0.5
INFO [2020-06-28 14:23:29] 
INFO [2020-06-28 14:23:29] $label.col
INFO [2020-06-28 14:23:29] c("black")
INFO [2020-06-28 14:23:29] 
INFO [2020-06-28 14:23:29] $cex
INFO [2020-06-28 14:23:29] [1] 2.5
INFO [2020-06-28 14:23:29] 
INFO [2020-06-28 14:23:29] $fontfamily
INFO [2020-06-28 14:23:29] [1] "serif"
INFO [2020-06-28 14:23:29] 
INFO [2020-06-28 14:23:29] $fontface
INFO [2020-06-28 14:23:29] [1] "bold"
INFO [2020-06-28 14:23:29] 
INFO [2020-06-28 14:23:29] $cat.default.pos
INFO [2020-06-28 14:23:29] [1] "text"
INFO [2020-06-28 14:23:29] 
INFO [2020-06-28 14:23:29] $cat.col
INFO [2020-06-28 14:23:29] c("black")
INFO [2020-06-28 14:23:29] 
INFO [2020-06-28 14:23:29] $cat.cex
INFO [2020-06-28 14:23:29] [1] 3
INFO [2020-06-28 14:23:29] 
INFO [2020-06-28 14:23:29] $cat.fontfamily
INFO [2020-06-28 14:23:29] [1] "serif"
INFO [2020-06-28 14:23:29] 
INFO [2020-06-28 14:23:29] $cat.pos
INFO [2020-06-28 14:23:29] [1] 0
INFO [2020-06-28 14:23:29] 
INFO [2020-06-28 14:23:29] $euler.d
INFO [2020-06-28 14:23:29] euler
INFO [2020-06-28 14:23:29] 
INFO [2020-06-28 14:23:29] $scaled
INFO [2020-06-28 14:23:29] euler
INFO [2020-06-28 14:23:29] 
