INFO [2020-06-24 12:51:47] $x
INFO [2020-06-24 12:51:47] temp
INFO [2020-06-24 12:51:47] 
INFO [2020-06-24 12:51:47] $sp.cases
INFO [2020-06-24 12:51:47] special
INFO [2020-06-24 12:51:47] 
INFO [2020-06-24 12:51:47] $filename
INFO [2020-06-24 12:51:47] NULL
INFO [2020-06-24 12:51:47] 
INFO [2020-06-24 12:51:47] $col
INFO [2020-06-24 12:51:47] [1] "black"
INFO [2020-06-24 12:51:47] 
INFO [2020-06-24 12:51:47] $fill
INFO [2020-06-24 12:51:47] c(colors[1], colors[4], colors[2], colors[3])
INFO [2020-06-24 12:51:47] 
INFO [2020-06-24 12:51:47] $alpha
INFO [2020-06-24 12:51:47] [1] 0.5
INFO [2020-06-24 12:51:47] 
INFO [2020-06-24 12:51:47] $label.col
INFO [2020-06-24 12:51:47] c("black")
INFO [2020-06-24 12:51:47] 
INFO [2020-06-24 12:51:47] $cex
INFO [2020-06-24 12:51:47] [1] 2.5
INFO [2020-06-24 12:51:47] 
INFO [2020-06-24 12:51:47] $fontfamily
INFO [2020-06-24 12:51:47] [1] "serif"
INFO [2020-06-24 12:51:47] 
INFO [2020-06-24 12:51:47] $fontface
INFO [2020-06-24 12:51:47] [1] "bold"
INFO [2020-06-24 12:51:47] 
INFO [2020-06-24 12:51:47] $cat.default.pos
INFO [2020-06-24 12:51:47] [1] "text"
INFO [2020-06-24 12:51:47] 
INFO [2020-06-24 12:51:47] $cat.col
INFO [2020-06-24 12:51:47] c("black")
INFO [2020-06-24 12:51:47] 
INFO [2020-06-24 12:51:47] $cat.cex
INFO [2020-06-24 12:51:47] [1] 3
INFO [2020-06-24 12:51:47] 
INFO [2020-06-24 12:51:47] $cat.fontfamily
INFO [2020-06-24 12:51:47] [1] "serif"
INFO [2020-06-24 12:51:47] 
INFO [2020-06-24 12:51:47] $cat.pos
INFO [2020-06-24 12:51:47] [1] 0
INFO [2020-06-24 12:51:47] 
INFO [2020-06-24 12:51:47] $euler.d
INFO [2020-06-24 12:51:47] euler
INFO [2020-06-24 12:51:47] 
INFO [2020-06-24 12:51:47] $scaled
INFO [2020-06-24 12:51:47] euler
INFO [2020-06-24 12:51:47] 
