INFO [2020-06-24 12:51:46] $x
INFO [2020-06-24 12:51:46] temp
INFO [2020-06-24 12:51:46] 
INFO [2020-06-24 12:51:46] $sp.cases
INFO [2020-06-24 12:51:46] special
INFO [2020-06-24 12:51:46] 
INFO [2020-06-24 12:51:46] $filename
INFO [2020-06-24 12:51:46] NULL
INFO [2020-06-24 12:51:46] 
INFO [2020-06-24 12:51:46] $col
INFO [2020-06-24 12:51:46] [1] "black"
INFO [2020-06-24 12:51:46] 
INFO [2020-06-24 12:51:46] $fill
INFO [2020-06-24 12:51:46] c(colors[1], colors[4], colors[2], colors[3])
INFO [2020-06-24 12:51:46] 
INFO [2020-06-24 12:51:46] $alpha
INFO [2020-06-24 12:51:46] [1] 0.5
INFO [2020-06-24 12:51:46] 
INFO [2020-06-24 12:51:46] $label.col
INFO [2020-06-24 12:51:46] c("black")
INFO [2020-06-24 12:51:46] 
INFO [2020-06-24 12:51:46] $cex
INFO [2020-06-24 12:51:46] [1] 2.5
INFO [2020-06-24 12:51:46] 
INFO [2020-06-24 12:51:46] $fontfamily
INFO [2020-06-24 12:51:46] [1] "serif"
INFO [2020-06-24 12:51:46] 
INFO [2020-06-24 12:51:46] $fontface
INFO [2020-06-24 12:51:46] [1] "bold"
INFO [2020-06-24 12:51:46] 
INFO [2020-06-24 12:51:46] $cat.default.pos
INFO [2020-06-24 12:51:46] [1] "text"
INFO [2020-06-24 12:51:46] 
INFO [2020-06-24 12:51:46] $cat.col
INFO [2020-06-24 12:51:46] c("black")
INFO [2020-06-24 12:51:46] 
INFO [2020-06-24 12:51:46] $cat.cex
INFO [2020-06-24 12:51:46] [1] 3
INFO [2020-06-24 12:51:46] 
INFO [2020-06-24 12:51:46] $cat.fontfamily
INFO [2020-06-24 12:51:46] [1] "serif"
INFO [2020-06-24 12:51:46] 
INFO [2020-06-24 12:51:46] $cat.pos
INFO [2020-06-24 12:51:46] [1] 0
INFO [2020-06-24 12:51:46] 
INFO [2020-06-24 12:51:46] $euler.d
INFO [2020-06-24 12:51:46] euler
INFO [2020-06-24 12:51:46] 
INFO [2020-06-24 12:51:46] $scaled
INFO [2020-06-24 12:51:46] euler
INFO [2020-06-24 12:51:46] 
INFO [2020-06-24 12:51:46] $x
INFO [2020-06-24 12:51:46] temp
INFO [2020-06-24 12:51:46] 
INFO [2020-06-24 12:51:46] $sp.cases
INFO [2020-06-24 12:51:46] special
INFO [2020-06-24 12:51:46] 
INFO [2020-06-24 12:51:46] $filename
INFO [2020-06-24 12:51:46] NULL
INFO [2020-06-24 12:51:46] 
INFO [2020-06-24 12:51:46] $col
INFO [2020-06-24 12:51:46] [1] "black"
INFO [2020-06-24 12:51:46] 
INFO [2020-06-24 12:51:46] $fill
INFO [2020-06-24 12:51:46] c(colors[1], colors[4], colors[2], colors[3])
INFO [2020-06-24 12:51:46] 
INFO [2020-06-24 12:51:46] $alpha
INFO [2020-06-24 12:51:46] [1] 0.5
INFO [2020-06-24 12:51:46] 
INFO [2020-06-24 12:51:46] $label.col
INFO [2020-06-24 12:51:46] c("black")
INFO [2020-06-24 12:51:46] 
INFO [2020-06-24 12:51:46] $cex
INFO [2020-06-24 12:51:46] [1] 2.5
INFO [2020-06-24 12:51:46] 
INFO [2020-06-24 12:51:46] $fontfamily
INFO [2020-06-24 12:51:46] [1] "serif"
INFO [2020-06-24 12:51:46] 
INFO [2020-06-24 12:51:46] $fontface
INFO [2020-06-24 12:51:46] [1] "bold"
INFO [2020-06-24 12:51:46] 
INFO [2020-06-24 12:51:46] $cat.default.pos
INFO [2020-06-24 12:51:46] [1] "text"
INFO [2020-06-24 12:51:46] 
INFO [2020-06-24 12:51:46] $cat.col
INFO [2020-06-24 12:51:46] c("black")
INFO [2020-06-24 12:51:46] 
INFO [2020-06-24 12:51:46] $cat.cex
INFO [2020-06-24 12:51:46] [1] 3
INFO [2020-06-24 12:51:46] 
INFO [2020-06-24 12:51:46] $cat.fontfamily
INFO [2020-06-24 12:51:46] [1] "serif"
INFO [2020-06-24 12:51:46] 
INFO [2020-06-24 12:51:46] $cat.pos
INFO [2020-06-24 12:51:46] [1] 0
INFO [2020-06-24 12:51:46] 
INFO [2020-06-24 12:51:46] $euler.d
INFO [2020-06-24 12:51:46] euler
INFO [2020-06-24 12:51:46] 
INFO [2020-06-24 12:51:46] $scaled
INFO [2020-06-24 12:51:46] euler
INFO [2020-06-24 12:51:46] 
