INFO [2020-06-24 12:51:43] $x
INFO [2020-06-24 12:51:43] temp
INFO [2020-06-24 12:51:43] 
INFO [2020-06-24 12:51:43] $sp.cases
INFO [2020-06-24 12:51:43] special
INFO [2020-06-24 12:51:43] 
INFO [2020-06-24 12:51:43] $filename
INFO [2020-06-24 12:51:43] NULL
INFO [2020-06-24 12:51:43] 
INFO [2020-06-24 12:51:43] $col
INFO [2020-06-24 12:51:43] [1] "black"
INFO [2020-06-24 12:51:43] 
INFO [2020-06-24 12:51:43] $fill
INFO [2020-06-24 12:51:43] c(colors[1], colors[2], colors[3])
INFO [2020-06-24 12:51:43] 
INFO [2020-06-24 12:51:43] $alpha
INFO [2020-06-24 12:51:43] [1] 0.5
INFO [2020-06-24 12:51:43] 
INFO [2020-06-24 12:51:43] $label.col
INFO [2020-06-24 12:51:43] c("black", "white", "black", "white", "white", "white", "black")
INFO [2020-06-24 12:51:43] 
INFO [2020-06-24 12:51:43] $cex
INFO [2020-06-24 12:51:43] [1] 2.5
INFO [2020-06-24 12:51:43] 
INFO [2020-06-24 12:51:43] $fontfamily
INFO [2020-06-24 12:51:43] [1] "serif"
INFO [2020-06-24 12:51:43] 
INFO [2020-06-24 12:51:43] $fontface
INFO [2020-06-24 12:51:43] [1] "bold"
INFO [2020-06-24 12:51:43] 
INFO [2020-06-24 12:51:43] $cat.default.pos
INFO [2020-06-24 12:51:43] [1] "text"
INFO [2020-06-24 12:51:43] 
INFO [2020-06-24 12:51:43] $cat.col
INFO [2020-06-24 12:51:43] c("black", "black", "black")
INFO [2020-06-24 12:51:43] 
INFO [2020-06-24 12:51:43] $cat.cex
INFO [2020-06-24 12:51:43] [1] 2.5
INFO [2020-06-24 12:51:43] 
INFO [2020-06-24 12:51:43] $cat.fontfamily
INFO [2020-06-24 12:51:43] [1] "serif"
INFO [2020-06-24 12:51:43] 
INFO [2020-06-24 12:51:43] $cat.dist
INFO [2020-06-24 12:51:43] c(0.06, 0.06, 0.03)
INFO [2020-06-24 12:51:43] 
INFO [2020-06-24 12:51:43] $cat.pos
INFO [2020-06-24 12:51:43] [1] 0
INFO [2020-06-24 12:51:43] 
INFO [2020-06-24 12:51:43] $euler.d
INFO [2020-06-24 12:51:43] euler
INFO [2020-06-24 12:51:43] 
INFO [2020-06-24 12:51:43] $scaled
INFO [2020-06-24 12:51:43] euler
INFO [2020-06-24 12:51:43] 
