INFO [2020-06-24 12:51:49] $x
INFO [2020-06-24 12:51:49] temp
INFO [2020-06-24 12:51:49] 
INFO [2020-06-24 12:51:49] $sp.cases
INFO [2020-06-24 12:51:49] special
INFO [2020-06-24 12:51:49] 
INFO [2020-06-24 12:51:49] $filename
INFO [2020-06-24 12:51:49] NULL
INFO [2020-06-24 12:51:49] 
INFO [2020-06-24 12:51:49] $col
INFO [2020-06-24 12:51:49] [1] "black"
INFO [2020-06-24 12:51:49] 
INFO [2020-06-24 12:51:49] $fill
INFO [2020-06-24 12:51:49] c(colors[1], colors[4], colors[2], colors[3])
INFO [2020-06-24 12:51:49] 
INFO [2020-06-24 12:51:49] $alpha
INFO [2020-06-24 12:51:49] [1] 0.5
INFO [2020-06-24 12:51:49] 
INFO [2020-06-24 12:51:49] $label.col
INFO [2020-06-24 12:51:49] c("black")
INFO [2020-06-24 12:51:49] 
INFO [2020-06-24 12:51:49] $cex
INFO [2020-06-24 12:51:49] [1] 2.5
INFO [2020-06-24 12:51:49] 
INFO [2020-06-24 12:51:49] $fontfamily
INFO [2020-06-24 12:51:49] [1] "serif"
INFO [2020-06-24 12:51:49] 
INFO [2020-06-24 12:51:49] $fontface
INFO [2020-06-24 12:51:49] [1] "bold"
INFO [2020-06-24 12:51:49] 
INFO [2020-06-24 12:51:49] $cat.default.pos
INFO [2020-06-24 12:51:49] [1] "text"
INFO [2020-06-24 12:51:49] 
INFO [2020-06-24 12:51:49] $cat.col
INFO [2020-06-24 12:51:49] c("black")
INFO [2020-06-24 12:51:49] 
INFO [2020-06-24 12:51:49] $cat.cex
INFO [2020-06-24 12:51:49] [1] 3
INFO [2020-06-24 12:51:49] 
INFO [2020-06-24 12:51:49] $cat.fontfamily
INFO [2020-06-24 12:51:49] [1] "serif"
INFO [2020-06-24 12:51:49] 
INFO [2020-06-24 12:51:49] $cat.pos
INFO [2020-06-24 12:51:49] [1] 0
INFO [2020-06-24 12:51:49] 
INFO [2020-06-24 12:51:49] $euler.d
INFO [2020-06-24 12:51:49] euler
INFO [2020-06-24 12:51:49] 
INFO [2020-06-24 12:51:49] $scaled
INFO [2020-06-24 12:51:49] euler
INFO [2020-06-24 12:51:49] 
INFO [2020-06-24 12:51:49] $x
INFO [2020-06-24 12:51:49] temp
INFO [2020-06-24 12:51:49] 
INFO [2020-06-24 12:51:49] $sp.cases
INFO [2020-06-24 12:51:49] special
INFO [2020-06-24 12:51:49] 
INFO [2020-06-24 12:51:49] $filename
INFO [2020-06-24 12:51:49] NULL
INFO [2020-06-24 12:51:49] 
INFO [2020-06-24 12:51:49] $col
INFO [2020-06-24 12:51:49] [1] "black"
INFO [2020-06-24 12:51:49] 
INFO [2020-06-24 12:51:49] $fill
INFO [2020-06-24 12:51:49] c(colors[1], colors[4], colors[2], colors[3])
INFO [2020-06-24 12:51:49] 
INFO [2020-06-24 12:51:49] $alpha
INFO [2020-06-24 12:51:49] [1] 0.5
INFO [2020-06-24 12:51:49] 
INFO [2020-06-24 12:51:49] $label.col
INFO [2020-06-24 12:51:49] c("black")
INFO [2020-06-24 12:51:49] 
INFO [2020-06-24 12:51:49] $cex
INFO [2020-06-24 12:51:49] [1] 2.5
INFO [2020-06-24 12:51:49] 
INFO [2020-06-24 12:51:49] $fontfamily
INFO [2020-06-24 12:51:49] [1] "serif"
INFO [2020-06-24 12:51:49] 
INFO [2020-06-24 12:51:49] $fontface
INFO [2020-06-24 12:51:49] [1] "bold"
INFO [2020-06-24 12:51:49] 
INFO [2020-06-24 12:51:49] $cat.default.pos
INFO [2020-06-24 12:51:49] [1] "text"
INFO [2020-06-24 12:51:49] 
INFO [2020-06-24 12:51:49] $cat.col
INFO [2020-06-24 12:51:49] c("black")
INFO [2020-06-24 12:51:49] 
INFO [2020-06-24 12:51:49] $cat.cex
INFO [2020-06-24 12:51:49] [1] 3
INFO [2020-06-24 12:51:49] 
INFO [2020-06-24 12:51:49] $cat.fontfamily
INFO [2020-06-24 12:51:49] [1] "serif"
INFO [2020-06-24 12:51:49] 
INFO [2020-06-24 12:51:49] $cat.pos
INFO [2020-06-24 12:51:49] [1] 0
INFO [2020-06-24 12:51:49] 
INFO [2020-06-24 12:51:49] $euler.d
INFO [2020-06-24 12:51:49] euler
INFO [2020-06-24 12:51:49] 
INFO [2020-06-24 12:51:49] $scaled
INFO [2020-06-24 12:51:49] euler
INFO [2020-06-24 12:51:49] 
