INFO [2020-06-28 14:23:26] $x
INFO [2020-06-28 14:23:26] temp
INFO [2020-06-28 14:23:26] 
INFO [2020-06-28 14:23:26] $sp.cases
INFO [2020-06-28 14:23:26] special
INFO [2020-06-28 14:23:26] 
INFO [2020-06-28 14:23:26] $filename
INFO [2020-06-28 14:23:26] NULL
INFO [2020-06-28 14:23:26] 
INFO [2020-06-28 14:23:26] $col
INFO [2020-06-28 14:23:26] [1] "black"
INFO [2020-06-28 14:23:26] 
INFO [2020-06-28 14:23:26] $fill
INFO [2020-06-28 14:23:26] c(colors[1], colors[4], colors[2], colors[3])
INFO [2020-06-28 14:23:26] 
INFO [2020-06-28 14:23:26] $alpha
INFO [2020-06-28 14:23:26] [1] 0.5
INFO [2020-06-28 14:23:26] 
INFO [2020-06-28 14:23:26] $label.col
INFO [2020-06-28 14:23:26] c("black")
INFO [2020-06-28 14:23:26] 
INFO [2020-06-28 14:23:26] $cex
INFO [2020-06-28 14:23:26] [1] 2.5
INFO [2020-06-28 14:23:26] 
INFO [2020-06-28 14:23:26] $fontfamily
INFO [2020-06-28 14:23:26] [1] "serif"
INFO [2020-06-28 14:23:26] 
INFO [2020-06-28 14:23:26] $fontface
INFO [2020-06-28 14:23:26] [1] "bold"
INFO [2020-06-28 14:23:26] 
INFO [2020-06-28 14:23:26] $cat.default.pos
INFO [2020-06-28 14:23:26] [1] "text"
INFO [2020-06-28 14:23:26] 
INFO [2020-06-28 14:23:26] $cat.col
INFO [2020-06-28 14:23:26] c("black")
INFO [2020-06-28 14:23:26] 
INFO [2020-06-28 14:23:26] $cat.cex
INFO [2020-06-28 14:23:26] [1] 3
INFO [2020-06-28 14:23:26] 
INFO [2020-06-28 14:23:26] $cat.fontfamily
INFO [2020-06-28 14:23:26] [1] "serif"
INFO [2020-06-28 14:23:26] 
INFO [2020-06-28 14:23:26] $cat.pos
INFO [2020-06-28 14:23:26] [1] 0
INFO [2020-06-28 14:23:26] 
INFO [2020-06-28 14:23:26] $euler.d
INFO [2020-06-28 14:23:26] euler
INFO [2020-06-28 14:23:26] 
INFO [2020-06-28 14:23:26] $scaled
INFO [2020-06-28 14:23:26] euler
INFO [2020-06-28 14:23:26] 
INFO [2020-06-28 14:23:26] $x
INFO [2020-06-28 14:23:26] temp
INFO [2020-06-28 14:23:26] 
INFO [2020-06-28 14:23:26] $sp.cases
INFO [2020-06-28 14:23:26] special
INFO [2020-06-28 14:23:26] 
INFO [2020-06-28 14:23:26] $filename
INFO [2020-06-28 14:23:26] NULL
INFO [2020-06-28 14:23:26] 
INFO [2020-06-28 14:23:26] $col
INFO [2020-06-28 14:23:26] [1] "black"
INFO [2020-06-28 14:23:26] 
INFO [2020-06-28 14:23:26] $fill
INFO [2020-06-28 14:23:26] c(colors[1], colors[4], colors[2], colors[3])
INFO [2020-06-28 14:23:26] 
INFO [2020-06-28 14:23:26] $alpha
INFO [2020-06-28 14:23:26] [1] 0.5
INFO [2020-06-28 14:23:26] 
INFO [2020-06-28 14:23:26] $label.col
INFO [2020-06-28 14:23:26] c("black")
INFO [2020-06-28 14:23:26] 
INFO [2020-06-28 14:23:26] $cex
INFO [2020-06-28 14:23:26] [1] 2.5
INFO [2020-06-28 14:23:26] 
INFO [2020-06-28 14:23:26] $fontfamily
INFO [2020-06-28 14:23:26] [1] "serif"
INFO [2020-06-28 14:23:26] 
INFO [2020-06-28 14:23:26] $fontface
INFO [2020-06-28 14:23:26] [1] "bold"
INFO [2020-06-28 14:23:26] 
INFO [2020-06-28 14:23:26] $cat.default.pos
INFO [2020-06-28 14:23:26] [1] "text"
INFO [2020-06-28 14:23:26] 
INFO [2020-06-28 14:23:26] $cat.col
INFO [2020-06-28 14:23:26] c("black")
INFO [2020-06-28 14:23:26] 
INFO [2020-06-28 14:23:26] $cat.cex
INFO [2020-06-28 14:23:26] [1] 3
INFO [2020-06-28 14:23:26] 
INFO [2020-06-28 14:23:26] $cat.fontfamily
INFO [2020-06-28 14:23:26] [1] "serif"
INFO [2020-06-28 14:23:26] 
INFO [2020-06-28 14:23:26] $cat.pos
INFO [2020-06-28 14:23:26] [1] 0
INFO [2020-06-28 14:23:26] 
INFO [2020-06-28 14:23:26] $euler.d
INFO [2020-06-28 14:23:26] euler
INFO [2020-06-28 14:23:26] 
INFO [2020-06-28 14:23:26] $scaled
INFO [2020-06-28 14:23:26] euler
INFO [2020-06-28 14:23:26] 
