INFO [2020-06-28 14:23:28] $x
INFO [2020-06-28 14:23:28] temp
INFO [2020-06-28 14:23:28] 
INFO [2020-06-28 14:23:28] $sp.cases
INFO [2020-06-28 14:23:28] special
INFO [2020-06-28 14:23:28] 
INFO [2020-06-28 14:23:28] $filename
INFO [2020-06-28 14:23:28] NULL
INFO [2020-06-28 14:23:28] 
INFO [2020-06-28 14:23:28] $col
INFO [2020-06-28 14:23:28] [1] "black"
INFO [2020-06-28 14:23:28] 
INFO [2020-06-28 14:23:28] $fill
INFO [2020-06-28 14:23:28] c(colors[1], colors[4], colors[2], colors[3])
INFO [2020-06-28 14:23:28] 
INFO [2020-06-28 14:23:28] $alpha
INFO [2020-06-28 14:23:28] [1] 0.5
INFO [2020-06-28 14:23:28] 
INFO [2020-06-28 14:23:28] $label.col
INFO [2020-06-28 14:23:28] c("black")
INFO [2020-06-28 14:23:28] 
INFO [2020-06-28 14:23:28] $cex
INFO [2020-06-28 14:23:28] [1] 2.5
INFO [2020-06-28 14:23:28] 
INFO [2020-06-28 14:23:28] $fontfamily
INFO [2020-06-28 14:23:28] [1] "serif"
INFO [2020-06-28 14:23:28] 
INFO [2020-06-28 14:23:28] $fontface
INFO [2020-06-28 14:23:28] [1] "bold"
INFO [2020-06-28 14:23:28] 
INFO [2020-06-28 14:23:28] $cat.default.pos
INFO [2020-06-28 14:23:28] [1] "text"
INFO [2020-06-28 14:23:28] 
INFO [2020-06-28 14:23:28] $cat.col
INFO [2020-06-28 14:23:28] c("black")
INFO [2020-06-28 14:23:28] 
INFO [2020-06-28 14:23:28] $cat.cex
INFO [2020-06-28 14:23:28] [1] 3
INFO [2020-06-28 14:23:28] 
INFO [2020-06-28 14:23:28] $cat.fontfamily
INFO [2020-06-28 14:23:28] [1] "serif"
INFO [2020-06-28 14:23:28] 
INFO [2020-06-28 14:23:28] $cat.pos
INFO [2020-06-28 14:23:28] [1] 0
INFO [2020-06-28 14:23:28] 
INFO [2020-06-28 14:23:28] $euler.d
INFO [2020-06-28 14:23:28] euler
INFO [2020-06-28 14:23:28] 
INFO [2020-06-28 14:23:28] $scaled
INFO [2020-06-28 14:23:28] euler
INFO [2020-06-28 14:23:28] 
INFO [2020-06-28 14:23:28] $x
INFO [2020-06-28 14:23:28] temp
INFO [2020-06-28 14:23:28] 
INFO [2020-06-28 14:23:28] $sp.cases
INFO [2020-06-28 14:23:28] special
INFO [2020-06-28 14:23:28] 
INFO [2020-06-28 14:23:28] $filename
INFO [2020-06-28 14:23:28] NULL
INFO [2020-06-28 14:23:28] 
INFO [2020-06-28 14:23:28] $col
INFO [2020-06-28 14:23:28] [1] "black"
INFO [2020-06-28 14:23:28] 
INFO [2020-06-28 14:23:28] $fill
INFO [2020-06-28 14:23:28] c(colors[1], colors[4], colors[2], colors[3])
INFO [2020-06-28 14:23:28] 
INFO [2020-06-28 14:23:28] $alpha
INFO [2020-06-28 14:23:28] [1] 0.5
INFO [2020-06-28 14:23:28] 
INFO [2020-06-28 14:23:28] $label.col
INFO [2020-06-28 14:23:28] c("black")
INFO [2020-06-28 14:23:28] 
INFO [2020-06-28 14:23:28] $cex
INFO [2020-06-28 14:23:28] [1] 2.5
INFO [2020-06-28 14:23:28] 
INFO [2020-06-28 14:23:28] $fontfamily
INFO [2020-06-28 14:23:28] [1] "serif"
INFO [2020-06-28 14:23:28] 
INFO [2020-06-28 14:23:28] $fontface
INFO [2020-06-28 14:23:28] [1] "bold"
INFO [2020-06-28 14:23:28] 
INFO [2020-06-28 14:23:28] $cat.default.pos
INFO [2020-06-28 14:23:28] [1] "text"
INFO [2020-06-28 14:23:28] 
INFO [2020-06-28 14:23:28] $cat.col
INFO [2020-06-28 14:23:28] c("black")
INFO [2020-06-28 14:23:28] 
INFO [2020-06-28 14:23:28] $cat.cex
INFO [2020-06-28 14:23:28] [1] 3
INFO [2020-06-28 14:23:28] 
INFO [2020-06-28 14:23:28] $cat.fontfamily
INFO [2020-06-28 14:23:28] [1] "serif"
INFO [2020-06-28 14:23:28] 
INFO [2020-06-28 14:23:28] $cat.pos
INFO [2020-06-28 14:23:28] [1] 0
INFO [2020-06-28 14:23:28] 
INFO [2020-06-28 14:23:28] $euler.d
INFO [2020-06-28 14:23:28] euler
INFO [2020-06-28 14:23:28] 
INFO [2020-06-28 14:23:28] $scaled
INFO [2020-06-28 14:23:28] euler
INFO [2020-06-28 14:23:28] 
